0 info it worked if it ends with ok
1 verbose cli [ '/usr/local/bin/node',
1 verbose cli   '/usr/local/bin/npm',
1 verbose cli   'install',
1 verbose cli   '-S',
1 verbose cli   'cors',
1 verbose cli   'app.js' ]
2 info using npm@3.10.10
3 info using node@v6.10.0
4 silly loadCurrentTree Starting
5 silly install loadCurrentTree
6 silly install readLocalPackageData
7 silly fetchPackageMetaData cors@^2.8.3
8 silly fetchPackageMetaData app.js
9 silly fetchNamedPackageData cors
10 silly mapToRegistry name cors
11 silly mapToRegistry using default registry
12 silly mapToRegistry registry https://registry.npmjs.org/
13 silly mapToRegistry data Result {
13 silly mapToRegistry   raw: 'cors',
13 silly mapToRegistry   scope: null,
13 silly mapToRegistry   escapedName: 'cors',
13 silly mapToRegistry   name: 'cors',
13 silly mapToRegistry   rawSpec: '',
13 silly mapToRegistry   spec: 'latest',
13 silly mapToRegistry   type: 'tag' }
14 silly mapToRegistry uri https://registry.npmjs.org/cors
15 silly fetchOtherPackageData app.js
16 silly cache add args [ 'app.js', null ]
17 verbose cache add spec app.js
18 silly cache add parsed spec Result {
18 silly cache add   raw: 'app.js',
18 silly cache add   scope: null,
18 silly cache add   escapedName: 'app.js',
18 silly cache add   name: null,
18 silly cache add   rawSpec: 'app.js',
18 silly cache add   spec: '/Users/marvinfi/tiy/shirt-express/app.js',
18 silly cache add   type: 'local' }
19 silly addLocalTarball shasum (computed) 6eba71579216286d8d97f4ec5ad95d0eb7bf9c73
20 verbose addTmpTarball /Users/marvinfi/tiy/shirt-express/app.js not in flight; adding
21 verbose correctMkdir /Users/marvinfi/.npm correctMkdir not in flight; initializing
22 verbose request uri https://registry.npmjs.org/cors
23 verbose request no auth needed
24 info attempt registry request try #1 at 10:00:52 PM
25 verbose request id dcb5669cfbf26724
26 verbose etag W/"58f581a9-e232"
27 verbose lastModified Tue, 18 Apr 2017 03:02:01 GMT
28 http request GET https://registry.npmjs.org/cors
29 verbose addTmpTarball validating metadata from /Users/marvinfi/tiy/shirt-express/app.js
30 verbose tar unpack /Users/marvinfi/tiy/shirt-express/app.js
31 verbose tar unpacking to /var/folders/53/02_4bgxx017bql1b0zkj2czm0000gn/T/npm-11572-ca62dc5f/unpack-62b93bac
32 silly gentlyRm /var/folders/53/02_4bgxx017bql1b0zkj2czm0000gn/T/npm-11572-ca62dc5f/unpack-62b93bac is being purged
33 verbose gentlyRm don't care about contents; nuking /var/folders/53/02_4bgxx017bql1b0zkj2czm0000gn/T/npm-11572-ca62dc5f/unpack-62b93bac
34 silly gunzTarPerm modes [ '755', '644' ]
35 error not a package /Users/marvinfi/tiy/shirt-express/app.js
36 error addLocal Could not install /Users/marvinfi/tiy/shirt-express/app.js
37 silly fetchPackageMetaData Error: ENOENT: no such file or directory, open '/var/folders/53/02_4bgxx017bql1b0zkj2czm0000gn/T/npm-11572-ca62dc5f/unpack-62b93bac/package.json'
37 silly fetchPackageMetaData     at Error (native)
37 silly fetchPackageMetaData  error for app.js { Error: ENOENT: no such file or directory, open '/var/folders/53/02_4bgxx017bql1b0zkj2czm0000gn/T/npm-11572-ca62dc5f/unpack-62b93bac/package.json'
37 silly fetchPackageMetaData     at Error (native)
37 silly fetchPackageMetaData   errno: -2,
37 silly fetchPackageMetaData   code: 'ENOENT',
37 silly fetchPackageMetaData   syscall: 'open',
37 silly fetchPackageMetaData   path: '/var/folders/53/02_4bgxx017bql1b0zkj2czm0000gn/T/npm-11572-ca62dc5f/unpack-62b93bac/package.json' }
38 http 304 https://registry.npmjs.org/cors
39 verbose headers { date: 'Wed, 19 Apr 2017 02:00:52 GMT',
39 verbose headers   via: '1.1 varnish',
39 verbose headers   'cache-control': 'max-age=300',
39 verbose headers   etag: 'W/"58f581a9-e232"',
39 verbose headers   age: '243',
39 verbose headers   connection: 'keep-alive',
39 verbose headers   'x-served-by': 'cache-mia1321-MIA',
39 verbose headers   'x-cache': 'HIT',
39 verbose headers   'x-cache-hits': '1',
39 verbose headers   'x-timer': 'S1492567252.331421,VS0,VE1',
39 verbose headers   vary: 'Accept-Encoding' }
40 silly get cb [ 304,
40 silly get   { date: 'Wed, 19 Apr 2017 02:00:52 GMT',
40 silly get     via: '1.1 varnish',
40 silly get     'cache-control': 'max-age=300',
40 silly get     etag: 'W/"58f581a9-e232"',
40 silly get     age: '243',
40 silly get     connection: 'keep-alive',
40 silly get     'x-served-by': 'cache-mia1321-MIA',
40 silly get     'x-cache': 'HIT',
40 silly get     'x-cache-hits': '1',
40 silly get     'x-timer': 'S1492567252.331421,VS0,VE1',
40 silly get     vary: 'Accept-Encoding' } ]
41 verbose etag https://registry.npmjs.org/cors from cache
42 verbose get saving cors to /Users/marvinfi/.npm/registry.npmjs.org/cors/.cache.json
43 verbose correctMkdir /Users/marvinfi/.npm correctMkdir not in flight; initializing
44 silly rollbackFailedOptional Starting
45 silly rollbackFailedOptional Finishing
46 silly runTopLevelLifecycles Finishing
47 silly install printInstalled
48 verbose stack Error: ENOENT: no such file or directory, open '/var/folders/53/02_4bgxx017bql1b0zkj2czm0000gn/T/npm-11572-ca62dc5f/unpack-62b93bac/package.json'
48 verbose stack     at Error (native)
49 verbose cwd /Users/marvinfi/tiy/shirt-express
50 error Darwin 16.5.0
51 error argv "/usr/local/bin/node" "/usr/local/bin/npm" "install" "-S" "cors" "app.js"
52 error node v6.10.0
53 error npm  v3.10.10
54 error path /var/folders/53/02_4bgxx017bql1b0zkj2czm0000gn/T/npm-11572-ca62dc5f/unpack-62b93bac/package.json
55 error code ENOENT
56 error errno -2
57 error syscall open
58 error enoent ENOENT: no such file or directory, open '/var/folders/53/02_4bgxx017bql1b0zkj2czm0000gn/T/npm-11572-ca62dc5f/unpack-62b93bac/package.json'
59 error enoent ENOENT: no such file or directory, open '/var/folders/53/02_4bgxx017bql1b0zkj2czm0000gn/T/npm-11572-ca62dc5f/unpack-62b93bac/package.json'
59 error enoent This is most likely not a problem with npm itself
59 error enoent and is related to npm not being able to find a file.
60 verbose exit [ -2, true ]
